-e [32m[ Please check log: "logs/20241210_200511-cifar100-0.002-vtab-rt.log" for details. ][0m
-e [32m[ Please check log: "logs/20241210_200511-caltech101-0.002-vtab-rt.log" for details. ][0m
-e [32m[ Please check log: "logs/20241210_200511-dtd-0.002-vtab-rt.log" for details. ][0m
-e [32m[ Please check log: "logs/20241210_200511-oxford_flowers102-0.002-vtab-rt.log" for details. ][0m
-e [32m[ Please check log: "logs/20241210_200511-svhn-0.002-vtab-rt.log" for details. ][0m
-e [32m[ Please check log: "logs/20241210_200511-sun397-0.002-vtab-rt.log" for details. ][0m
-e [32m[ Please check log: "logs/20241210_200511-oxford_pet-0.002-vtab-rt.log" for details. ][0m
-e [32m[ Please check log: "logs/20241210_200511-patch_camelyon-0.002-vtab-rt.log" for details. ][0m
-e [32m[ Please check log: "logs/20241210_200511-eurosat-0.002-vtab-rt.log" for details. ][0m
-e [32m[ Please check log: "logs/20241210_200511-resisc45-0.002-vtab-rt.log" for details. ][0m
-e [32m[ Please check log: "logs/20241210_200511-diabetic_retinopathy-0.002-vtab-rt.log" for details. ][0m
-e [32m[ Please check log: "logs/20241210_200511-clevr_count-0.002-vtab-rt.log" for details. ][0m
-e [32m[ Please check log: "logs/20241210_200511-clevr_dist-0.002-vtab-rt.log" for details. ][0m
-e [32m[ Please check log: "logs/20241210_200511-dmlab-0.002-vtab-rt.log" for details. ][0m
-e [32m[ Please check log: "logs/20241210_200511-kitti-0.002-vtab-rt.log" for details. ][0m
-e [32m[ Please check log: "logs/20241210_200511-dsprites_loc-0.002-vtab-rt.log" for details. ][0m
-e [32m[ Please check log: "logs/20241210_200511-dsprites_ori-0.002-vtab-rt.log" for details. ][0m
-e [32m[ Please check log: "logs/20241210_200511-smallnorb_azi-0.002-vtab-rt.log" for details. ][0m
-e [32m[ Please check log: "logs/20241210_200511-smallnorb_ele-0.002-vtab-rt.log" for details. ][0m
-e [32m[ Please check log: "logs/20241210_200511-cifar100-0.003-vtab-rt.log" for details. ][0m
-e [32m[ Please check log: "logs/20241210_200511-caltech101-0.003-vtab-rt.log" for details. ][0m
-e [32m[ Please check log: "logs/20241210_200511-dtd-0.003-vtab-rt.log" for details. ][0m
-e [32m[ Please check log: "logs/20241210_200511-oxford_flowers102-0.003-vtab-rt.log" for details. ][0m
-e [32m[ Please check log: "logs/20241210_200511-svhn-0.003-vtab-rt.log" for details. ][0m
-e [32m[ Please check log: "logs/20241210_200511-sun397-0.003-vtab-rt.log" for details. ][0m
-e [32m[ Please check log: "logs/20241210_200511-oxford_pet-0.003-vtab-rt.log" for details. ][0m
-e [32m[ Please check log: "logs/20241210_200511-patch_camelyon-0.003-vtab-rt.log" for details. ][0m
-e [32m[ Please check log: "logs/20241210_200511-eurosat-0.003-vtab-rt.log" for details. ][0m
-e [32m[ Please check log: "logs/20241210_200511-resisc45-0.003-vtab-rt.log" for details. ][0m
-e [32m[ Please check log: "logs/20241210_200511-diabetic_retinopathy-0.003-vtab-rt.log" for details. ][0m
-e [32m[ Please check log: "logs/20241210_200511-clevr_count-0.003-vtab-rt.log" for details. ][0m
-e [32m[ Please check log: "logs/20241210_200511-clevr_dist-0.003-vtab-rt.log" for details. ][0m
-e [32m[ Please check log: "logs/20241210_200511-dmlab-0.003-vtab-rt.log" for details. ][0m
-e [32m[ Please check log: "logs/20241210_200511-kitti-0.003-vtab-rt.log" for details. ][0m
-e [32m[ Please check log: "logs/20241210_200511-dsprites_loc-0.003-vtab-rt.log" for details. ][0m
-e [32m[ Please check log: "logs/20241210_200511-dsprites_ori-0.003-vtab-rt.log" for details. ][0m
-e [32m[ Please check log: "logs/20241210_200511-smallnorb_azi-0.003-vtab-rt.log" for details. ][0m
-e [32m[ Please check log: "logs/20241210_200511-smallnorb_ele-0.003-vtab-rt.log" for details. ][0m
